\BOOKMARK [1][-]{section.1}{Introduction}{}% 1
\BOOKMARK [1][-]{section.2}{Current Vision Task SOTA}{}% 2
\BOOKMARK [1][-]{section.3}{State Space Models \(SSMs\)}{}% 3
\BOOKMARK [1][-]{section.4}{Mamba}{}% 4
\BOOKMARK [1][-]{section.5}{Application: Image Segmentation}{}% 5
\BOOKMARK [1][-]{section.6}{Input Data}{}% 6
\BOOKMARK [1][-]{section.7}{Output Data}{}% 7
\BOOKMARK [1][-]{section.8}{Compared Models}{}% 8
\BOOKMARK [2][-]{subsection.8.1}{U-Net}{section.8}% 9
\BOOKMARK [2][-]{subsection.8.2}{ResNet}{section.8}% 10
\BOOKMARK [2][-]{subsection.8.3}{U-Mamba}{section.8}% 11
\BOOKMARK [2][-]{subsection.8.4}{SegFormer}{section.8}% 12
\BOOKMARK [2][-]{subsection.8.5}{UltraLight VM-UNet}{section.8}% 13
\BOOKMARK [1][-]{section.9}{Our Models}{}% 14
\BOOKMARK [2][-]{subsection.9.1}{UMambaBot-PP}{section.9}% 15
\BOOKMARK [2][-]{subsection.9.2}{UL-VM-UNet-v1}{section.9}% 16
\BOOKMARK [2][-]{subsection.9.3}{UL-VM-UNet-v2}{section.9}% 17
\BOOKMARK [2][-]{subsection.9.4}{UL-VM-UNet-v3}{section.9}% 18
\BOOKMARK [2][-]{subsection.9.5}{UL-VM-UNet-v4}{section.9}% 19
\BOOKMARK [2][-]{subsection.9.6}{UL-VM-UNet-v5}{section.9}% 20
\BOOKMARK [2][-]{subsection.9.7}{UL-VM-UNet-v6}{section.9}% 21
\BOOKMARK [1][-]{section.10}{Results}{}% 22
\BOOKMARK [1][-]{section.11}{Results}{}% 23
\BOOKMARK [1][-]{section.12}{Conclusion}{}% 24
\BOOKMARK [1][-]{section*.5}{References}{}% 25
